2024-06-14 11:33:05 [@DESKTOP-57QGKEF]
CSRF check failed for User ID:  at /glpi/front/login.php
2024-06-15 21:03:46 [@DESKTOP-57QGKEF]
CSRF check failed for User ID:  at /glpi/front/login.php
2024-06-15 21:55:55 [2@DESKTOP-57QGKEF]
CSRF check failed for User ID: 2 at /glpi/plugins/datainjection/front/model.form.php
2024-06-17 10:21:32 [2@DESKTOP-57QGKEF]
CSRF check failed for User ID: 2 at /glpi/plugins/datainjection/front/clientinjection.form.php
2024-06-17 10:39:59 [2@DESKTOP-57QGKEF]
CSRF check failed for User ID: 2 at /glpi/plugins/datainjection/front/clientinjection.form.php
2024-06-17 11:52:53 [2@DESKTOP-57QGKEF]
User ID: 2 tried to access or perform an action on /glpi/front/entity.form.php?id=3 with insufficient rights. Additional information: Missing READ right. Cannot view the item.
	Stack Trace:
		C:\xampp\htdocs\glpi\src\CommonDBTM.php:6449 displayRightError()
		C:\xampp\htdocs\glpi\src\CommonDBTM.php:6542 displayAccessDeniedPage()
		C:\xampp\htdocs\glpi\front\dropdown.common.form.php:176 displayFullPageForItem()
		C:\xampp\htdocs\glpi\front\entity.form.php:58 include()
2024-06-17 11:52:56 [2@DESKTOP-57QGKEF]
User ID: 2 tried to access or perform an action on /glpi/front/entity.form.php?id=3 with insufficient rights. Additional information: Missing READ right. Cannot view the item.
	Stack Trace:
		C:\xampp\htdocs\glpi\src\CommonDBTM.php:6449 displayRightError()
		C:\xampp\htdocs\glpi\src\CommonDBTM.php:6542 displayAccessDeniedPage()
		C:\xampp\htdocs\glpi\front\dropdown.common.form.php:176 displayFullPageForItem()
		C:\xampp\htdocs\glpi\front\entity.form.php:58 include()
2024-06-17 11:52:58 [2@DESKTOP-57QGKEF]
User ID: 2 tried to access or perform an action on /glpi/front/entity.form.php?id=3 with insufficient rights. Additional information: Missing READ right. Cannot view the item.
	Stack Trace:
		C:\xampp\htdocs\glpi\src\CommonDBTM.php:6449 displayRightError()
		C:\xampp\htdocs\glpi\src\CommonDBTM.php:6542 displayAccessDeniedPage()
		C:\xampp\htdocs\glpi\front\dropdown.common.form.php:176 displayFullPageForItem()
		C:\xampp\htdocs\glpi\front\entity.form.php:58 include()
2024-06-17 11:53:03 [2@DESKTOP-57QGKEF]
User ID: 2 tried to access or perform an action on /glpi/front/entity.form.php?id=3 with insufficient rights. Additional information: Missing READ right. Cannot view the item.
	Stack Trace:
		C:\xampp\htdocs\glpi\src\CommonDBTM.php:6449 displayRightError()
		C:\xampp\htdocs\glpi\src\CommonDBTM.php:6542 displayAccessDeniedPage()
		C:\xampp\htdocs\glpi\front\dropdown.common.form.php:176 displayFullPageForItem()
		C:\xampp\htdocs\glpi\front\entity.form.php:58 include()
2024-06-20 10:21:06 [@AYM-5VL4BS3]
CSRF check failed for User ID:  at /glpi/front/login.php
2024-06-21 16:14:00 [2@AYM-5VL4BS3]
CSRF check failed for User ID: 2 at /glpi/ajax/marketplace.php
2024-06-21 16:14:00 [2@AYM-5VL4BS3]
CSRF check failed for User ID: 2 at /glpi/marketplace/activity/ajax/loadscripts.php
