2024-06-14 11:09:11 [@DESKTOP-57QGKEF]
Interne #1 : Démarrage contract
2024-06-14 11:14:40 [2@DESKTOP-57QGKEF]
Interne #1 : Démarrage infocom
2024-06-14 11:19:48 [2@DESKTOP-57QGKEF]
Interne #1 : Démarrage mailgate
2024-06-14 11:26:33 [2@DESKTOP-57QGKEF]
Interne #1 : Démarrage session
2024-06-14 11:30:55 [@DESKTOP-57QGKEF]
Interne #1 : Démarrage graph
2024-06-14 11:31:12 [@DESKTOP-57QGKEF]
Interne #1 : Démarrage reservation
2024-06-14 11:32:20 [@DESKTOP-57QGKEF]
Interne #1 : Démarrage closeticket
2024-06-14 11:33:09 [@DESKTOP-57QGKEF]
Interne #1 : Démarrage alertnotclosed
2024-06-14 11:35:32 [2@DESKTOP-57QGKEF]
Interne #1 : Démarrage slaticket
2024-06-14 12:18:39 [7@DESKTOP-57QGKEF]
Interne #1 : Démarrage createinquest
2024-06-14 12:19:03 [2@DESKTOP-57QGKEF]
Interne #1 : Démarrage watcher
2024-06-14 12:29:35 [2@DESKTOP-57QGKEF]
Interne #1 : Démarrage RecurrentItems
2024-06-14 12:35:09 [2@DESKTOP-57QGKEF]
Interne #1 : Démarrage planningrecall
2024-06-14 12:36:01 [@DESKTOP-57QGKEF]
Interne #1 : Démarrage queuednotification
2024-06-14 12:36:13 [@DESKTOP-57QGKEF]
Interne #1 : Démarrage queuednotificationclean
2024-06-14 12:39:52 [@DESKTOP-57QGKEF]
Interne #1 : Démarrage temp
2024-06-14 12:41:21 [2@DESKTOP-57QGKEF]
Interne #1 : Démarrage mailgateerror
2024-06-14 12:44:04 [@DESKTOP-57QGKEF]
Interne #1 : Démarrage certificate
2024-06-14 12:50:08 [@DESKTOP-57QGKEF]
Interne #1 : Démarrage olaticket
2024-06-14 12:50:11 [2@DESKTOP-57QGKEF]
Interne #1 : Démarrage mailgate
2024-06-14 12:57:39 [2@DESKTOP-57QGKEF]
Interne #1 : Démarrage slaticket
2024-06-14 13:02:45 [2@DESKTOP-57QGKEF]
Interne #1 : Démarrage graph
2024-06-14 13:03:36 [@DESKTOP-57QGKEF]
Interne #1 : Démarrage reservation
2024-06-14 13:09:12 [2@DESKTOP-57QGKEF]
Interne #1 : Démarrage queuednotification
2024-06-14 13:12:05 [@DESKTOP-57QGKEF]
Interne #1 : Démarrage planningrecall
2024-06-14 13:12:58 [@DESKTOP-57QGKEF]
Interne #1 : Démarrage olaticket
2024-06-14 13:15:11 [@DESKTOP-57QGKEF]
Interne #1 : Démarrage mailgate
2024-06-14 13:15:18 [@DESKTOP-57QGKEF]
Interne #1 : Démarrage slaticket
2024-06-14 13:15:22 [@DESKTOP-57QGKEF]
Interne #1 : Démarrage queuednotification
2024-06-14 13:15:51 [@DESKTOP-57QGKEF]
Interne #1 : Rien à lancer
2024-06-14 13:18:15 [@DESKTOP-57QGKEF]
Interne #1 : Démarrage queuednotification
2024-06-14 13:18:19 [@DESKTOP-57QGKEF]
Interne #1 : Démarrage planningrecall
2024-06-14 13:20:41 [@DESKTOP-57QGKEF]
Interne #1 : Démarrage olaticket
2024-06-14 13:20:48 [@DESKTOP-57QGKEF]
Interne #1 : Démarrage queuednotification
2024-06-14 13:28:19 [7@DESKTOP-57QGKEF]
Interne #1 : Démarrage slaticket
2024-06-14 13:29:30 [@DESKTOP-57QGKEF]
Interne #1 : Démarrage queuednotification
2024-06-14 13:34:54 [2@DESKTOP-57QGKEF]
Interne #1 : Démarrage planningrecall
2024-06-14 13:39:59 [2@DESKTOP-57QGKEF]
Interne #1 : Démarrage mailgate
2024-06-14 13:44:37 [2@DESKTOP-57QGKEF]
Interne #1 : Démarrage olaticket
2024-06-14 14:03:34 [2@DESKTOP-57QGKEF]
Interne #1 : Démarrage RecurrentItems
2024-06-14 14:08:34 [2@DESKTOP-57QGKEF]
Interne #1 : Démarrage queuednotification
2024-06-14 14:13:34 [2@DESKTOP-57QGKEF]
Interne #1 : Démarrage slaticket
2024-06-14 14:22:36 [2@DESKTOP-57QGKEF]
Interne #1 : Démarrage planningrecall
2024-06-14 14:28:37 [2@DESKTOP-57QGKEF]
Interne #1 : Démarrage temp
2024-06-14 14:56:31 [2@DESKTOP-57QGKEF]
Interne #1 : Démarrage mailgate
2024-06-14 15:03:13 [2@DESKTOP-57QGKEF]
Interne #1 : Démarrage olaticket
2024-06-14 15:08:29 [2@DESKTOP-57QGKEF]
Interne #1 : Démarrage graph
2024-06-14 15:14:14 [2@DESKTOP-57QGKEF]
Interne #1 : Démarrage reservation
2024-06-14 15:19:04 [@DESKTOP-57QGKEF]
Interne #1 : Démarrage queuednotification
2024-06-14 15:19:11 [@DESKTOP-57QGKEF]
Interne #1 : Démarrage slaticket
2024-06-14 15:25:05 [2@DESKTOP-57QGKEF]
Interne #1 : Démarrage planningrecall
2024-06-14 15:30:06 [2@DESKTOP-57QGKEF]
Interne #1 : Démarrage RecurrentItems
2024-06-14 15:35:16 [2@DESKTOP-57QGKEF]
Interne #1 : Démarrage mailgate
2024-06-14 15:40:25 [2@DESKTOP-57QGKEF]
Internal #1: Launch olaticket
2024-06-14 15:45:42 [@DESKTOP-57QGKEF]
Interne #1 : Démarrage queuednotification
2024-06-14 15:46:13 [@DESKTOP-57QGKEF]
Interne #1 : Démarrage slaticket
2024-06-14 15:47:19 [@DESKTOP-57QGKEF]
Interne #1 : Démarrage temp
2024-06-14 15:49:51 [2@DESKTOP-57QGKEF]
Internal #1: Launch planningrecall
2024-06-14 15:51:09 [@DESKTOP-57QGKEF]
Interne #1 : Démarrage mailgate
2024-06-14 15:56:30 [2@DESKTOP-57QGKEF]
Internal #1: Launch olaticket
2024-06-14 16:03:01 [2@DESKTOP-57QGKEF]
Internal #1: Launch queuednotification
2024-06-14 16:03:04 [2@DESKTOP-57QGKEF]
Error in sending the email<br/>Could not instantiate mail function.
2024-06-14 16:03:06 [2@DESKTOP-57QGKEF]
Error in sending the email<br/>Could not instantiate mail function.
2024-06-14 16:05:34 [7@DESKTOP-57QGKEF]
Internal #1: Launch slaticket
2024-06-14 16:07:02 [2@DESKTOP-57QGKEF]
Internal #1: Launch planningrecall
2024-06-14 16:12:04 [2@DESKTOP-57QGKEF]
Internal #1: Launch mailgate
2024-06-14 16:17:09 [2@DESKTOP-57QGKEF]
Internal #1: Launch olaticket
2024-06-14 16:19:44 [@DESKTOP-57QGKEF]
Interne #1 : Démarrage queuednotification
2024-06-14 16:19:47 [@DESKTOP-57QGKEF]
Erreur dans l'envoi du courriel<br/>Could not instantiate mail function.
2024-06-14 16:19:49 [@DESKTOP-57QGKEF]
Erreur dans l'envoi du courriel<br/>Could not instantiate mail function.
2024-06-14 16:19:51 [@DESKTOP-57QGKEF]
Erreur dans l'envoi du courriel<br/>Could not instantiate mail function.
2024-06-14 16:19:53 [@DESKTOP-57QGKEF]
Erreur dans l'envoi du courriel<br/>Could not instantiate mail function.
2024-06-14 16:19:55 [@DESKTOP-57QGKEF]
Erreur dans l'envoi du courriel<br/>Could not instantiate mail function.
2024-06-14 16:19:57 [@DESKTOP-57QGKEF]
Erreur dans l'envoi du courriel<br/>Could not instantiate mail function.
2024-06-15 20:51:49 [2@DESKTOP-57QGKEF]
Internal #1: Launch graph
2024-06-15 21:02:38 [2@DESKTOP-57QGKEF]
Internal #1: Launch slaticket
2024-06-15 21:04:11 [7@DESKTOP-57QGKEF]
Internal #1: Launch planningrecall
2024-06-15 21:07:49 [2@DESKTOP-57QGKEF]
Internal #1: Launch reservation
2024-06-15 21:12:44 [@DESKTOP-57QGKEF]
Interne #1 : Démarrage queuednotification
2024-06-15 21:12:47 [@DESKTOP-57QGKEF]
Erreur dans l'envoi du courriel<br/>Could not instantiate mail function.
2024-06-15 21:12:49 [@DESKTOP-57QGKEF]
Erreur dans l'envoi du courriel<br/>Could not instantiate mail function.
2024-06-15 21:12:51 [@DESKTOP-57QGKEF]
Erreur dans l'envoi du courriel<br/>Could not instantiate mail function.
2024-06-15 21:12:53 [@DESKTOP-57QGKEF]
Erreur dans l'envoi du courriel<br/>Could not instantiate mail function.
2024-06-15 21:12:55 [@DESKTOP-57QGKEF]
Erreur dans l'envoi du courriel<br/>Could not instantiate mail function.
2024-06-15 21:12:57 [@DESKTOP-57QGKEF]
Erreur dans l'envoi du courriel<br/>Could not instantiate mail function.
2024-06-15 21:13:55 [@DESKTOP-57QGKEF]
Interne #1 : Démarrage mailgate
2024-06-15 21:14:10 [@DESKTOP-57QGKEF]
Interne #1 : Démarrage olaticket
2024-06-15 21:16:25 [@DESKTOP-57QGKEF]
Interne #1 : Démarrage RecurrentItems
2024-06-15 21:22:46 [@DESKTOP-57QGKEF]
Interne #1 : Démarrage temp
2024-06-15 21:34:13 [2@DESKTOP-57QGKEF]
Internal #1: Launch closeticket
2024-06-15 21:41:08 [2@DESKTOP-57QGKEF]
Internal #1: Launch alertnotclosed
2024-06-15 21:42:44 [@DESKTOP-57QGKEF]
Interne #1 : Démarrage contract
2024-06-15 21:48:01 [2@DESKTOP-57QGKEF]
Internal #1: Launch infocom
2024-06-15 22:01:22 [2@DESKTOP-57QGKEF]
Internal #1: Launch session
2024-06-15 22:06:41 [2@DESKTOP-57QGKEF]
Internal #1: Launch createinquest
2024-06-15 22:54:59 [2@DESKTOP-57QGKEF]
Internal #1: Launch watcher
2024-06-15 23:04:04 [2@DESKTOP-57QGKEF]
Internal #1: Launch queuednotificationclean
2024-06-15 23:09:21 [2@DESKTOP-57QGKEF]
Internal #1: Launch mailgateerror
2024-06-15 23:49:49 [2@DESKTOP-57QGKEF]
Internal #1: Launch certificate
2024-06-15 23:55:36 [2@DESKTOP-57QGKEF]
Internal #1: Launch slaticket
2024-06-16 00:01:22 [2@DESKTOP-57QGKEF]
Internal #1: Launch planningrecall
2024-06-16 00:06:51 [2@DESKTOP-57QGKEF]
Interne #1 : Démarrage queuednotification
2024-06-16 00:06:53 [2@DESKTOP-57QGKEF]
Erreur dans l'envoi du courriel<br/>Could not instantiate mail function.
2024-06-16 00:06:55 [2@DESKTOP-57QGKEF]
Erreur dans l'envoi du courriel<br/>Could not instantiate mail function.
2024-06-16 00:06:57 [2@DESKTOP-57QGKEF]
Erreur dans l'envoi du courriel<br/>Could not instantiate mail function.
2024-06-16 00:06:59 [2@DESKTOP-57QGKEF]
Erreur dans l'envoi du courriel<br/>Could not instantiate mail function.
2024-06-16 00:07:01 [2@DESKTOP-57QGKEF]
Erreur dans l'envoi du courriel<br/>Could not instantiate mail function.
2024-06-16 00:07:04 [2@DESKTOP-57QGKEF]
Erreur dans l'envoi du courriel<br/>Could not instantiate mail function.
2024-06-16 21:50:37 [@DESKTOP-57QGKEF]
Interne #1 : Démarrage olaticket
2024-06-16 21:57:48 [2@DESKTOP-57QGKEF]
Interne #1 : Démarrage mailgate
2024-06-16 22:03:21 [2@DESKTOP-57QGKEF]
Interne #1 : Démarrage graph
2024-06-16 22:11:22 [2@DESKTOP-57QGKEF]
Interne #1 : Démarrage reservation
2024-06-16 22:16:26 [2@DESKTOP-57QGKEF]
Interne #1 : Démarrage RecurrentItems
2024-06-16 22:30:30 [2@DESKTOP-57QGKEF]
Interne #1 : Démarrage temp
2024-06-16 22:43:44 [2@DESKTOP-57QGKEF]
Interne #1 : Démarrage slaticket
2024-06-16 22:54:03 [2@DESKTOP-57QGKEF]
Interne #1 : Démarrage planningrecall
2024-06-16 22:59:22 [2@DESKTOP-57QGKEF]
Interne #1 : Démarrage queuednotification
2024-06-16 22:59:24 [2@DESKTOP-57QGKEF]
Erreur dans l'envoi du courriel<br/>Could not instantiate mail function.
2024-06-16 22:59:27 [2@DESKTOP-57QGKEF]
Erreur dans l'envoi du courriel<br/>Could not instantiate mail function.
2024-06-16 22:59:29 [2@DESKTOP-57QGKEF]
Erreur dans l'envoi du courriel<br/>Could not instantiate mail function.
2024-06-16 22:59:31 [2@DESKTOP-57QGKEF]
Erreur dans l'envoi du courriel<br/>Could not instantiate mail function.
2024-06-16 22:59:33 [2@DESKTOP-57QGKEF]
Erreur dans l'envoi du courriel<br/>Could not instantiate mail function.
2024-06-16 22:59:35 [2@DESKTOP-57QGKEF]
Erreur dans l'envoi du courriel<br/>Could not instantiate mail function.
2024-06-16 22:59:37 [2@DESKTOP-57QGKEF]
Erreur dans l'envoi du courriel<br/>Could not instantiate mail function.
2024-06-16 23:08:01 [@DESKTOP-57QGKEF]
Interne #1 : Démarrage closeticket
2024-06-16 23:08:52 [@DESKTOP-57QGKEF]
Interne #1 : Démarrage alertnotclosed
2024-06-16 23:09:02 [@DESKTOP-57QGKEF]
Interne #1 : Démarrage contract
2024-06-16 23:12:15 [2@DESKTOP-57QGKEF]
Interne #1 : Démarrage infocom
2024-06-16 23:17:17 [2@DESKTOP-57QGKEF]
Interne #1 : Démarrage olaticket
2024-06-17 10:13:25 [2@DESKTOP-57QGKEF]
Interne #1 : Démarrage session
2024-06-17 10:18:57 [2@DESKTOP-57QGKEF]
Interne #1 : Démarrage createinquest
2024-06-17 10:24:25 [2@DESKTOP-57QGKEF]
Interne #1 : Démarrage mailgate
2024-06-17 10:37:13 [2@DESKTOP-57QGKEF]
Interne #1 : Démarrage slaticket
2024-06-17 10:42:26 [2@DESKTOP-57QGKEF]
Interne #1 : Démarrage watcher
2024-06-17 10:47:29 [2@DESKTOP-57QGKEF]
Interne #1 : Démarrage planningrecall
2024-06-17 10:56:58 [2@DESKTOP-57QGKEF]
Interne #1 : Démarrage queuednotification
2024-06-17 10:57:01 [2@DESKTOP-57QGKEF]
Erreur dans l'envoi du courriel<br/>Could not instantiate mail function.
2024-06-17 10:57:03 [2@DESKTOP-57QGKEF]
Erreur dans l'envoi du courriel<br/>Could not instantiate mail function.
2024-06-17 10:57:05 [2@DESKTOP-57QGKEF]
Erreur dans l'envoi du courriel<br/>Could not instantiate mail function.
2024-06-17 10:57:07 [2@DESKTOP-57QGKEF]
Erreur dans l'envoi du courriel<br/>Could not instantiate mail function.
2024-06-17 10:57:09 [2@DESKTOP-57QGKEF]
Erreur dans l'envoi du courriel<br/>Could not instantiate mail function.
2024-06-17 10:57:11 [2@DESKTOP-57QGKEF]
Erreur dans l'envoi du courriel<br/>Could not instantiate mail function.
2024-06-17 10:57:13 [2@DESKTOP-57QGKEF]
Erreur dans l'envoi du courriel<br/>Could not instantiate mail function.
2024-06-17 11:22:36 [2@DESKTOP-57QGKEF]
Interne #1 : Démarrage graph
2024-06-17 11:39:08 [2@DESKTOP-57QGKEF]
Interne #1 : Démarrage queuednotificationclean
2024-06-17 11:50:11 [2@DESKTOP-57QGKEF]
Interne #1 : Démarrage mailgateerror
2024-06-18 12:18:22 [2@AYM-5VL4BS3]
Interne #1 : Démarrage reservation
2024-06-18 14:26:08 [2@AYM-5VL4BS3]
Interne #1 : Démarrage RecurrentItems
2024-06-18 14:32:12 [2@AYM-5VL4BS3]
Interne #1 : Démarrage olaticket
2024-06-18 14:47:53 [2@AYM-5VL4BS3]
Interne #1 : Démarrage temp
2024-06-18 14:53:04 [2@AYM-5VL4BS3]
Interne #1 : Démarrage certificate
2024-06-18 14:58:06 [2@AYM-5VL4BS3]
Interne #1 : Démarrage mailgate
2024-06-18 15:03:44 [2@AYM-5VL4BS3]
Interne #1 : Démarrage slaticket
2024-06-18 15:18:52 [2@AYM-5VL4BS3]
Interne #1 : Démarrage planningrecall
2024-06-19 10:27:37 [2@AYM-5VL4BS3]
Interne #1 : Démarrage queuednotification
2024-06-19 10:27:40 [2@AYM-5VL4BS3]
Erreur dans l'envoi du courriel<br/>Could not instantiate mail function.
2024-06-19 10:27:42 [2@AYM-5VL4BS3]
Erreur dans l'envoi du courriel<br/>Could not instantiate mail function.
2024-06-19 10:27:44 [2@AYM-5VL4BS3]
Erreur dans l'envoi du courriel<br/>Could not instantiate mail function.
2024-06-19 10:27:46 [2@AYM-5VL4BS3]
Erreur dans l'envoi du courriel<br/>Could not instantiate mail function.
2024-06-19 10:27:48 [2@AYM-5VL4BS3]
Erreur dans l'envoi du courriel<br/>Could not instantiate mail function.
2024-06-19 14:38:59 [2@AYM-5VL4BS3]
Interne #1 : Démarrage closeticket
2024-06-19 14:39:48 [@AYM-5VL4BS3]
Interne #1 : Démarrage alertnotclosed
2024-06-19 14:44:29 [2@AYM-5VL4BS3]
Interne #1 : Démarrage graph
2024-06-19 14:52:45 [2@AYM-5VL4BS3]
Interne #1 : Démarrage contract
2024-06-19 14:57:54 [2@AYM-5VL4BS3]
Interne #1 : Démarrage infocom
2024-06-19 15:02:57 [2@AYM-5VL4BS3]
Interne #1 : Démarrage session
2024-06-19 15:08:06 [2@AYM-5VL4BS3]
Interne #1 : Démarrage createinquest
2024-06-19 15:49:48 [2@AYM-5VL4BS3]
Interne #1 : Démarrage watcher
2024-06-19 15:54:56 [2@AYM-5VL4BS3]
Interne #1 : Démarrage queuednotificationclean
2024-06-19 16:00:04 [2@AYM-5VL4BS3]
Interne #1 : Démarrage mailgateerror
2024-06-19 16:05:07 [2@AYM-5VL4BS3]
Interne #1 : Démarrage reservation
2024-06-19 16:11:04 [2@AYM-5VL4BS3]
Interne #1 : Démarrage olaticket
2024-06-19 16:16:33 [2@AYM-5VL4BS3]
Interne #1 : Démarrage mailgate
2024-06-19 16:22:53 [2@AYM-5VL4BS3]
Interne #1 : Démarrage slaticket
2024-06-19 16:27:57 [2@AYM-5VL4BS3]
Interne #1 : Démarrage planningrecall
2024-06-19 16:33:18 [2@AYM-5VL4BS3]
Interne #1 : Démarrage RecurrentItems
2024-06-19 16:41:35 [2@AYM-5VL4BS3]
Interne #1 : Démarrage temp
2024-06-19 16:46:31 [2@AYM-5VL4BS3]
Interne #1 : Démarrage queuednotification
2024-06-19 16:46:33 [2@AYM-5VL4BS3]
Erreur dans l'envoi du courriel<br/>Could not instantiate mail function.
2024-06-19 17:01:20 [2@AYM-5VL4BS3]
Interne #1 : Démarrage certificate
2024-06-19 17:06:46 [2@AYM-5VL4BS3]
Interne #1 : Démarrage graph
2024-06-19 17:11:50 [2@AYM-5VL4BS3]
Interne #1 : Démarrage olaticket
2024-06-19 17:19:56 [2@AYM-5VL4BS3]
Interne #1 : Démarrage mailgate
2024-06-19 17:25:21 [2@AYM-5VL4BS3]
Interne #1 : Démarrage slaticket
2024-06-19 17:31:15 [2@AYM-5VL4BS3]
Interne #1 : Démarrage planningrecall
2024-06-19 17:36:47 [2@AYM-5VL4BS3]
Interne #1 : Démarrage queuednotification
2024-06-19 17:36:49 [2@AYM-5VL4BS3]
Erreur dans l'envoi du courriel<br/>Could not instantiate mail function.
2024-06-19 17:42:16 [2@AYM-5VL4BS3]
Interne #1 : Démarrage reservation
2024-06-19 18:03:25 [2@AYM-5VL4BS3]
Interne #1 : Démarrage olaticket
2024-06-19 18:09:07 [2@AYM-5VL4BS3]
Interne #1 : Démarrage mailgate
2024-06-19 19:42:57 [2@AYM-5VL4BS3]
Interne #1 : Démarrage slaticket
2024-06-19 19:50:01 [2@AYM-5VL4BS3]
Interne #1 : Démarrage RecurrentItems
2024-06-19 19:55:34 [2@AYM-5VL4BS3]
Interne #1 : Démarrage planningrecall
2024-06-19 20:00:46 [2@AYM-5VL4BS3]
Interne #1 : Démarrage queuednotification
2024-06-19 20:00:49 [2@AYM-5VL4BS3]
Erreur dans l'envoi du courriel<br/>Could not instantiate mail function.
2024-06-19 20:05:46 [2@AYM-5VL4BS3]
Interne #1 : Démarrage temp
2024-06-19 20:11:18 [2@AYM-5VL4BS3]
Interne #1 : Démarrage graph
2024-06-19 20:16:35 [2@AYM-5VL4BS3]
Interne #1 : Démarrage olaticket
2024-06-19 20:21:58 [2@AYM-5VL4BS3]
Interne #1 : Démarrage mailgate
2024-06-19 20:27:17 [2@AYM-5VL4BS3]
Interne #1 : Démarrage reservation
2024-06-20 09:44:53 [2@AYM-5VL4BS3]
Interne #1 : Démarrage slaticket
2024-06-20 10:21:12 [@AYM-5VL4BS3]
Interne #1 : Démarrage planningrecall
2024-06-20 10:23:53 [2@AYM-5VL4BS3]
Interne #1 : Démarrage queuednotification
2024-06-20 10:45:36 [2@AYM-5VL4BS3]
Interne #1 : Démarrage olaticket
2024-06-20 10:54:01 [2@AYM-5VL4BS3]
Internal #1: Launch mailgate
2024-06-20 10:59:35 [2@AYM-5VL4BS3]
Internal #1: Launch RecurrentItems
2024-06-20 11:05:08 [2@AYM-5VL4BS3]
Internal #1: Launch temp
2024-06-20 11:11:36 [2@AYM-5VL4BS3]
Internal #1: Launch graph
2024-06-20 11:19:36 [2@AYM-5VL4BS3]
Internal #1: Launch reservation
2024-06-20 11:25:27 [2@AYM-5VL4BS3]
Internal #1: Launch closeticket
2024-06-20 11:50:27 [2@AYM-5VL4BS3]
Internal #1: Launch alertnotclosed
2024-06-20 11:55:28 [2@AYM-5VL4BS3]
Internal #1: Launch slaticket
2024-06-20 12:00:58 [2@AYM-5VL4BS3]
Interne #1 : Démarrage queuednotification
2024-06-20 13:12:22 [2@AYM-5VL4BS3]
Interne #1 : Démarrage planningrecall
2024-06-20 13:38:24 [2@AYM-5VL4BS3]
Interne #1 : Démarrage olaticket
2024-06-20 13:43:22 [2@AYM-5VL4BS3]
Interne #1 : Démarrage mailgate
2024-06-21 12:20:32 [2@AYM-5VL4BS3]
Interne #1 : Démarrage RecurrentItems
2024-06-21 12:27:51 [2@AYM-5VL4BS3]
Interne #1 : Démarrage slaticket
2024-06-21 13:18:04 [2@AYM-5VL4BS3]
Interne #1 : Démarrage queuednotification
2024-06-21 13:39:59 [2@AYM-5VL4BS3]
Interne #1 : Démarrage temp
2024-06-21 13:45:07 [2@AYM-5VL4BS3]
Interne #1 : Démarrage graph
2024-06-21 13:50:14 [2@AYM-5VL4BS3]
Interne #1 : Démarrage reservation
2024-06-21 14:09:28 [2@AYM-5VL4BS3]
Interne #1 : Démarrage planningrecall
2024-06-21 14:18:29 [2@AYM-5VL4BS3]
Interne #1 : Démarrage olaticket
2024-06-21 14:31:17 [2@AYM-5VL4BS3]
Interne #1 : Démarrage mailgate
2024-06-21 14:36:27 [2@AYM-5VL4BS3]
Interne #1 : Démarrage contract
2024-06-21 14:51:37 [@AYM-5VL4BS3]
Interne #1 : Démarrage infocom
2024-06-21 14:52:09 [@AYM-5VL4BS3]
Interne #1 : Démarrage session
2024-06-21 14:52:30 [@AYM-5VL4BS3]
Interne #1 : Démarrage createinquest
2024-06-21 14:53:07 [2@AYM-5VL4BS3]
Interne #1 : Démarrage watcher
2024-06-21 14:54:58 [@AYM-5VL4BS3]
Interne #1 : Démarrage queuednotificationclean
2024-06-21 14:55:06 [@AYM-5VL4BS3]
Interne #1 : Démarrage mailgateerror
2024-06-21 14:58:26 [2@AYM-5VL4BS3]
Interne #1 : Démarrage certificate
2024-06-21 15:03:54 [2@AYM-5VL4BS3]
Interne #1 : Démarrage closeticket
2024-06-21 15:09:04 [2@AYM-5VL4BS3]
Interne #1 : Démarrage alertnotclosed
2024-06-21 16:03:02 [192@AYM-5VL4BS3]
Interne #1 : Démarrage slaticket
2024-06-21 16:09:35 [2@AYM-5VL4BS3]
Interne #1 : Démarrage queuednotification
2024-06-21 16:09:38 [2@AYM-5VL4BS3]
Erreur dans l'envoi du courriel<br/>Could not instantiate mail function.
2024-06-21 16:09:40 [2@AYM-5VL4BS3]
Erreur dans l'envoi du courriel<br/>Could not instantiate mail function.
2024-06-21 16:09:42 [2@AYM-5VL4BS3]
Erreur dans l'envoi du courriel<br/>Could not instantiate mail function.
2024-06-21 16:09:44 [2@AYM-5VL4BS3]
Erreur dans l'envoi du courriel<br/>Could not instantiate mail function.
2024-06-21 16:09:46 [2@AYM-5VL4BS3]
Erreur dans l'envoi du courriel<br/>Could not instantiate mail function.
2024-06-21 16:09:48 [2@AYM-5VL4BS3]
Erreur dans l'envoi du courriel<br/>Could not instantiate mail function.
2024-06-21 16:09:50 [2@AYM-5VL4BS3]
Erreur dans l'envoi du courriel<br/>Could not instantiate mail function.
2024-06-21 16:09:52 [2@AYM-5VL4BS3]
Erreur dans l'envoi du courriel<br/>Could not instantiate mail function.
2024-06-21 16:19:18 [2@AYM-5VL4BS3]
Interne #1 : Démarrage RecurrentItems
2024-06-21 17:08:26 [2@AYM-5VL4BS3]
Interne #1 : Démarrage planningrecall
