2024-06-14 15:50:50 [7@DESKTOP-57QGKEF]
An email to admsys@localhost was added to queue: [GLPI #0000001] Nouveau ticket PB laptop
2024-06-14 15:50:50 [7@DESKTOP-57QGKEF]
An email to bahaedinne.maiza@aymax.fr was added to queue: [GLPI #0000001] New ticket PB laptop
2024-06-14 16:12:39 [2@DESKTOP-57QGKEF]
An email to admsys@localhost was added to queue: [GLPI #0000001] Ticket résolu PB laptop
2024-06-14 16:12:39 [2@DESKTOP-57QGKEF]
An email to bahaedinne.maiza@aymax.fr was added to queue: [GLPI #0000001] Ticket solved PB laptop
2024-06-14 16:14:08 [2@DESKTOP-57QGKEF]
An email to admsys@localhost was added to queue: [GLPI #0000001] Clôture du ticket PB laptop
2024-06-14 16:14:08 [2@DESKTOP-57QGKEF]
An email to bahaedinne.maiza@aymax.fr was added to queue: [GLPI #0000001] Closing of the ticket PB laptop
2024-06-16 21:58:18 [2@DESKTOP-57QGKEF]
Un courriel pour admsys@localhost a été ajouté à la file d'attente : [GLPI #0000001] Suppression d'un ticket PB laptop
2024-06-21 14:56:49 [192@AYM-5VL4BS3]
Un courriel pour admsys@localhost a été ajouté à la file d'attente : [GLPI #0000002] Nouveau ticket mot de passe bloqué
2024-06-21 14:56:49 [192@AYM-5VL4BS3]
Un courriel pour bahaedinne.maiza@aymax.fr a été ajouté à la file d'attente : [GLPI #0000002] Nouveau ticket mot de passe bloqué
2024-06-21 14:57:55 [2@AYM-5VL4BS3]
Un courriel pour admsys@localhost a été ajouté à la file d'attente : [GLPI #0000002] Nouveau suivi mot de passe bloqué
2024-06-21 14:57:55 [2@AYM-5VL4BS3]
Un courriel pour bahaedinne.maiza@aymax.fr a été ajouté à la file d'attente : [GLPI #0000002] Nouveau suivi mot de passe bloqué
2024-06-21 15:01:45 [2@AYM-5VL4BS3]
Un courriel pour admsys@localhost a été ajouté à la file d'attente : [GLPI #0000002] Nouveau suivi mot de passe bloqué
2024-06-21 15:01:45 [2@AYM-5VL4BS3]
Un courriel pour bahaedinne.maiza@aymax.fr a été ajouté à la file d'attente : [GLPI #0000002] Nouveau suivi mot de passe bloqué
2024-06-21 15:02:15 [2@AYM-5VL4BS3]
Un courriel pour admsys@localhost a été ajouté à la file d'attente : [GLPI #0000002] Ticket résolu mot de passe bloqué
2024-06-21 15:02:15 [2@AYM-5VL4BS3]
Un courriel pour bahaedinne.maiza@aymax.fr a été ajouté à la file d'attente : [GLPI #0000002] Ticket résolu mot de passe bloqué
