2024-06-14 16:03:04 [2@DESKTOP-57QGKEF]
Warning: an email was undeliverable to admsys@localhost with 5 retries remaining. Message: [GLPI #0000001] Nouveau ticket PB laptop, Error: Could not instantiate mail function.
2024-06-14 16:03:06 [2@DESKTOP-57QGKEF]
Warning: an email was undeliverable to bahaedinne.maiza@aymax.fr with 5 retries remaining. Message: [GLPI #0000001] New ticket PB laptop, Error: Could not instantiate mail function.
2024-06-14 16:19:47 [@DESKTOP-57QGKEF]
Attention : un courriel n'a pas pu être délivré à admsys@localhost. 4 tentatives restantes. Message : [GLPI #0000001] Nouveau ticket PB laptop, Erreur : Could not instantiate mail function.
2024-06-14 16:19:49 [@DESKTOP-57QGKEF]
Attention : un courriel n'a pas pu être délivré à bahaedinne.maiza@aymax.fr. 4 tentatives restantes. Message : [GLPI #0000001] New ticket PB laptop, Erreur : Could not instantiate mail function.
2024-06-14 16:19:51 [@DESKTOP-57QGKEF]
Attention : un courriel n'a pas pu être délivré à admsys@localhost. 5 tentatives restantes. Message : [GLPI #0000001] Ticket résolu PB laptop, Erreur : Could not instantiate mail function.
2024-06-14 16:19:53 [@DESKTOP-57QGKEF]
Attention : un courriel n'a pas pu être délivré à bahaedinne.maiza@aymax.fr. 5 tentatives restantes. Message : [GLPI #0000001] Ticket solved PB laptop, Erreur : Could not instantiate mail function.
2024-06-14 16:19:55 [@DESKTOP-57QGKEF]
Attention : un courriel n'a pas pu être délivré à admsys@localhost. 5 tentatives restantes. Message : [GLPI #0000001] Clôture du ticket PB laptop, Erreur : Could not instantiate mail function.
2024-06-14 16:19:57 [@DESKTOP-57QGKEF]
Attention : un courriel n'a pas pu être délivré à bahaedinne.maiza@aymax.fr. 5 tentatives restantes. Message : [GLPI #0000001] Closing of the ticket PB laptop, Erreur : Could not instantiate mail function.
2024-06-15 21:12:47 [@DESKTOP-57QGKEF]
Attention : un courriel n'a pas pu être délivré à admsys@localhost. 3 tentatives restantes. Message : [GLPI #0000001] Nouveau ticket PB laptop, Erreur : Could not instantiate mail function.
2024-06-15 21:12:49 [@DESKTOP-57QGKEF]
Attention : un courriel n'a pas pu être délivré à bahaedinne.maiza@aymax.fr. 3 tentatives restantes. Message : [GLPI #0000001] New ticket PB laptop, Erreur : Could not instantiate mail function.
2024-06-15 21:12:51 [@DESKTOP-57QGKEF]
Attention : un courriel n'a pas pu être délivré à admsys@localhost. 4 tentatives restantes. Message : [GLPI #0000001] Ticket résolu PB laptop, Erreur : Could not instantiate mail function.
2024-06-15 21:12:53 [@DESKTOP-57QGKEF]
Attention : un courriel n'a pas pu être délivré à bahaedinne.maiza@aymax.fr. 4 tentatives restantes. Message : [GLPI #0000001] Ticket solved PB laptop, Erreur : Could not instantiate mail function.
2024-06-15 21:12:55 [@DESKTOP-57QGKEF]
Attention : un courriel n'a pas pu être délivré à admsys@localhost. 4 tentatives restantes. Message : [GLPI #0000001] Clôture du ticket PB laptop, Erreur : Could not instantiate mail function.
2024-06-15 21:12:57 [@DESKTOP-57QGKEF]
Attention : un courriel n'a pas pu être délivré à bahaedinne.maiza@aymax.fr. 4 tentatives restantes. Message : [GLPI #0000001] Closing of the ticket PB laptop, Erreur : Could not instantiate mail function.
2024-06-16 00:06:53 [2@DESKTOP-57QGKEF]
Attention : un courriel n'a pas pu être délivré à admsys@localhost. 2 tentatives restantes. Message : [GLPI #0000001] Nouveau ticket PB laptop, Erreur : Could not instantiate mail function.
2024-06-16 00:06:55 [2@DESKTOP-57QGKEF]
Attention : un courriel n'a pas pu être délivré à bahaedinne.maiza@aymax.fr. 2 tentatives restantes. Message : [GLPI #0000001] New ticket PB laptop, Erreur : Could not instantiate mail function.
2024-06-16 00:06:57 [2@DESKTOP-57QGKEF]
Attention : un courriel n'a pas pu être délivré à admsys@localhost. 3 tentatives restantes. Message : [GLPI #0000001] Ticket résolu PB laptop, Erreur : Could not instantiate mail function.
2024-06-16 00:06:59 [2@DESKTOP-57QGKEF]
Attention : un courriel n'a pas pu être délivré à bahaedinne.maiza@aymax.fr. 3 tentatives restantes. Message : [GLPI #0000001] Ticket solved PB laptop, Erreur : Could not instantiate mail function.
2024-06-16 00:07:01 [2@DESKTOP-57QGKEF]
Attention : un courriel n'a pas pu être délivré à admsys@localhost. 3 tentatives restantes. Message : [GLPI #0000001] Clôture du ticket PB laptop, Erreur : Could not instantiate mail function.
2024-06-16 00:07:04 [2@DESKTOP-57QGKEF]
Attention : un courriel n'a pas pu être délivré à bahaedinne.maiza@aymax.fr. 3 tentatives restantes. Message : [GLPI #0000001] Closing of the ticket PB laptop, Erreur : Could not instantiate mail function.
2024-06-16 22:59:24 [2@DESKTOP-57QGKEF]
Attention : un courriel n'a pas pu être délivré à admsys@localhost. 1 tentatives restantes. Message : [GLPI #0000001] Nouveau ticket PB laptop, Erreur : Could not instantiate mail function.
2024-06-16 22:59:27 [2@DESKTOP-57QGKEF]
Attention : un courriel n'a pas pu être délivré à bahaedinne.maiza@aymax.fr. 1 tentatives restantes. Message : [GLPI #0000001] New ticket PB laptop, Erreur : Could not instantiate mail function.
2024-06-16 22:59:29 [2@DESKTOP-57QGKEF]
Attention : un courriel n'a pas pu être délivré à admsys@localhost. 2 tentatives restantes. Message : [GLPI #0000001] Ticket résolu PB laptop, Erreur : Could not instantiate mail function.
2024-06-16 22:59:31 [2@DESKTOP-57QGKEF]
Attention : un courriel n'a pas pu être délivré à bahaedinne.maiza@aymax.fr. 2 tentatives restantes. Message : [GLPI #0000001] Ticket solved PB laptop, Erreur : Could not instantiate mail function.
2024-06-16 22:59:33 [2@DESKTOP-57QGKEF]
Attention : un courriel n'a pas pu être délivré à admsys@localhost. 2 tentatives restantes. Message : [GLPI #0000001] Clôture du ticket PB laptop, Erreur : Could not instantiate mail function.
2024-06-16 22:59:35 [2@DESKTOP-57QGKEF]
Attention : un courriel n'a pas pu être délivré à bahaedinne.maiza@aymax.fr. 2 tentatives restantes. Message : [GLPI #0000001] Closing of the ticket PB laptop, Erreur : Could not instantiate mail function.
2024-06-16 22:59:37 [2@DESKTOP-57QGKEF]
Attention : un courriel n'a pas pu être délivré à admsys@localhost. 5 tentatives restantes. Message : [GLPI #0000001] Suppression d'un ticket PB laptop, Erreur : Could not instantiate mail function.
2024-06-17 10:57:01 [2@DESKTOP-57QGKEF]
Attention : un courriel n'a pas pu être délivré à admsys@localhost. 0 tentatives restantes. Message : [GLPI #0000001] Nouveau ticket PB laptop, Erreur : Could not instantiate mail function.
2024-06-17 10:57:01 [2@DESKTOP-57QGKEF]
Erreur fatale : abandon de l'envoi du courriel à admsys@localhost : [GLPI #0000001] Nouveau ticket PB laptop
2024-06-17 10:57:03 [2@DESKTOP-57QGKEF]
Attention : un courriel n'a pas pu être délivré à bahaedinne.maiza@aymax.fr. 0 tentatives restantes. Message : [GLPI #0000001] New ticket PB laptop, Erreur : Could not instantiate mail function.
2024-06-17 10:57:03 [2@DESKTOP-57QGKEF]
Erreur fatale : abandon de l'envoi du courriel à bahaedinne.maiza@aymax.fr : [GLPI #0000001] New ticket PB laptop
2024-06-17 10:57:05 [2@DESKTOP-57QGKEF]
Attention : un courriel n'a pas pu être délivré à admsys@localhost. 1 tentatives restantes. Message : [GLPI #0000001] Ticket résolu PB laptop, Erreur : Could not instantiate mail function.
2024-06-17 10:57:07 [2@DESKTOP-57QGKEF]
Attention : un courriel n'a pas pu être délivré à bahaedinne.maiza@aymax.fr. 1 tentatives restantes. Message : [GLPI #0000001] Ticket solved PB laptop, Erreur : Could not instantiate mail function.
2024-06-17 10:57:09 [2@DESKTOP-57QGKEF]
Attention : un courriel n'a pas pu être délivré à admsys@localhost. 1 tentatives restantes. Message : [GLPI #0000001] Clôture du ticket PB laptop, Erreur : Could not instantiate mail function.
2024-06-17 10:57:11 [2@DESKTOP-57QGKEF]
Attention : un courriel n'a pas pu être délivré à bahaedinne.maiza@aymax.fr. 1 tentatives restantes. Message : [GLPI #0000001] Closing of the ticket PB laptop, Erreur : Could not instantiate mail function.
2024-06-17 10:57:13 [2@DESKTOP-57QGKEF]
Attention : un courriel n'a pas pu être délivré à admsys@localhost. 4 tentatives restantes. Message : [GLPI #0000001] Suppression d'un ticket PB laptop, Erreur : Could not instantiate mail function.
2024-06-19 10:27:40 [2@AYM-5VL4BS3]
Attention : un courriel n'a pas pu être délivré à admsys@localhost. 0 tentatives restantes. Message : [GLPI #0000001] Ticket résolu PB laptop, Erreur : Could not instantiate mail function.
2024-06-19 10:27:40 [2@AYM-5VL4BS3]
Erreur fatale : abandon de l'envoi du courriel à admsys@localhost : [GLPI #0000001] Ticket résolu PB laptop
2024-06-19 10:27:42 [2@AYM-5VL4BS3]
Attention : un courriel n'a pas pu être délivré à bahaedinne.maiza@aymax.fr. 0 tentatives restantes. Message : [GLPI #0000001] Ticket solved PB laptop, Erreur : Could not instantiate mail function.
2024-06-19 10:27:42 [2@AYM-5VL4BS3]
Erreur fatale : abandon de l'envoi du courriel à bahaedinne.maiza@aymax.fr : [GLPI #0000001] Ticket solved PB laptop
2024-06-19 10:27:44 [2@AYM-5VL4BS3]
Attention : un courriel n'a pas pu être délivré à admsys@localhost. 0 tentatives restantes. Message : [GLPI #0000001] Clôture du ticket PB laptop, Erreur : Could not instantiate mail function.
2024-06-19 10:27:44 [2@AYM-5VL4BS3]
Erreur fatale : abandon de l'envoi du courriel à admsys@localhost : [GLPI #0000001] Clôture du ticket PB laptop
2024-06-19 10:27:46 [2@AYM-5VL4BS3]
Attention : un courriel n'a pas pu être délivré à bahaedinne.maiza@aymax.fr. 0 tentatives restantes. Message : [GLPI #0000001] Closing of the ticket PB laptop, Erreur : Could not instantiate mail function.
2024-06-19 10:27:46 [2@AYM-5VL4BS3]
Erreur fatale : abandon de l'envoi du courriel à bahaedinne.maiza@aymax.fr : [GLPI #0000001] Closing of the ticket PB laptop
2024-06-19 10:27:48 [2@AYM-5VL4BS3]
Attention : un courriel n'a pas pu être délivré à admsys@localhost. 3 tentatives restantes. Message : [GLPI #0000001] Suppression d'un ticket PB laptop, Erreur : Could not instantiate mail function.
2024-06-19 16:46:33 [2@AYM-5VL4BS3]
Attention : un courriel n'a pas pu être délivré à admsys@localhost. 2 tentatives restantes. Message : [GLPI #0000001] Suppression d'un ticket PB laptop, Erreur : Could not instantiate mail function.
2024-06-19 17:36:49 [2@AYM-5VL4BS3]
Attention : un courriel n'a pas pu être délivré à admsys@localhost. 1 tentatives restantes. Message : [GLPI #0000001] Suppression d'un ticket PB laptop, Erreur : Could not instantiate mail function.
2024-06-19 20:00:49 [2@AYM-5VL4BS3]
Attention : un courriel n'a pas pu être délivré à admsys@localhost. 0 tentatives restantes. Message : [GLPI #0000001] Suppression d'un ticket PB laptop, Erreur : Could not instantiate mail function.
2024-06-19 20:00:49 [2@AYM-5VL4BS3]
Erreur fatale : abandon de l'envoi du courriel à admsys@localhost : [GLPI #0000001] Suppression d'un ticket PB laptop
2024-06-21 16:09:38 [2@AYM-5VL4BS3]
Attention : un courriel n'a pas pu être délivré à admsys@localhost. 5 tentatives restantes. Message : [GLPI #0000002] Nouveau ticket mot de passe bloqué, Erreur : Could not instantiate mail function.
2024-06-21 16:09:40 [2@AYM-5VL4BS3]
Attention : un courriel n'a pas pu être délivré à bahaedinne.maiza@aymax.fr. 5 tentatives restantes. Message : [GLPI #0000002] Nouveau ticket mot de passe bloqué, Erreur : Could not instantiate mail function.
2024-06-21 16:09:42 [2@AYM-5VL4BS3]
Attention : un courriel n'a pas pu être délivré à admsys@localhost. 5 tentatives restantes. Message : [GLPI #0000002] Nouveau suivi mot de passe bloqué, Erreur : Could not instantiate mail function.
2024-06-21 16:09:44 [2@AYM-5VL4BS3]
Attention : un courriel n'a pas pu être délivré à bahaedinne.maiza@aymax.fr. 5 tentatives restantes. Message : [GLPI #0000002] Nouveau suivi mot de passe bloqué, Erreur : Could not instantiate mail function.
2024-06-21 16:09:46 [2@AYM-5VL4BS3]
Attention : un courriel n'a pas pu être délivré à admsys@localhost. 5 tentatives restantes. Message : [GLPI #0000002] Nouveau suivi mot de passe bloqué, Erreur : Could not instantiate mail function.
2024-06-21 16:09:48 [2@AYM-5VL4BS3]
Attention : un courriel n'a pas pu être délivré à bahaedinne.maiza@aymax.fr. 5 tentatives restantes. Message : [GLPI #0000002] Nouveau suivi mot de passe bloqué, Erreur : Could not instantiate mail function.
2024-06-21 16:09:50 [2@AYM-5VL4BS3]
Attention : un courriel n'a pas pu être délivré à admsys@localhost. 5 tentatives restantes. Message : [GLPI #0000002] Ticket résolu mot de passe bloqué, Erreur : Could not instantiate mail function.
2024-06-21 16:09:52 [2@AYM-5VL4BS3]
Attention : un courriel n'a pas pu être délivré à bahaedinne.maiza@aymax.fr. 5 tentatives restantes. Message : [GLPI #0000002] Ticket résolu mot de passe bloqué, Erreur : Could not instantiate mail function.
